<?xml version="1.0" encoding="UTF-8"?>
<robot generator="Robot 6.1.1 (Python 3.11.4 on darwin)" generated="20231222 21:34:25.302" rpa="false" schemaversion="4">
<suite id="s1" name="testCases" source="/Users/arifkurniawan/PROJECT-ARF/robot-api-automation/testCases">
<suite id="s1-s1" name="deleteRequest" source="/Users/arifkurniawan/PROJECT-ARF/robot-api-automation/testCases/deleteRequest.robot">
<test id="s1-s1-t1" name="Test Delete Simple Request" line="9">
<kw name="DELETE" library="RequestsLibrary">
<var>${delete_resp}</var>
<arg>${base_url}+/2</arg>
<arg>expected_status=204</arg>
<doc>Sends a DELETE request.</doc>
<msg timestamp="20231222 21:34:25.892" level="INFO">DELETE Request : url=https://reqres.in/api/users+/2 
 path_url=/api/users+/2 
 headers={'User-Agent': 'python-requests/2.31.0', 'Accept-Encoding': 'gzip, deflate, br', 'Accept': '*/*', 'Connection': 'keep-alive', 'Content-Length': '0'} 
 body=None 
 </msg>
<msg timestamp="20231222 21:34:25.892" level="INFO">DELETE Response : url=https://reqres.in/api/users+/2 
 status=204, reason=No Content 
 headers={'Date': 'Fri, 22 Dec 2023 14:34:25 GMT', 'Content-Length': '0', 'Connection': 'keep-alive', 'Report-To': '{"group":"heroku-nel","max_age":3600,"endpoints":[{"url":"https://nel.heroku.com/reports?ts=1703255665&amp;sid=c4c9725f-1ab0-44d8-820f-430df2718e11&amp;s=IAPPNXKurFS2F0u%2BX8omJowQa%2B5rqa2pP0oZjJhW5b8%3D"}]}', 'Reporting-Endpoints': 'heroku-nel=https://nel.heroku.com/reports?ts=1703255665&amp;sid=c4c9725f-1ab0-44d8-820f-430df2718e11&amp;s=IAPPNXKurFS2F0u%2BX8omJowQa%2B5rqa2pP0oZjJhW5b8%3D', 'Nel': '{"report_to":"heroku-nel","max_age":3600,"success_fraction":0.005,"failure_fraction":0.05,"response_headers":["Via"]}', 'X-Powered-By': 'Express', 'Access-Control-Allow-Origin': '*', 'Etag': 'W/"2-vyGp6PvFo4RvsFtPoIWeCReyIC8"', 'Via': '1.1 vegur', 'CF-Cache-Status': 'DYNAMIC', 'Server': 'cloudflare', 'CF-RAY': '839915e588a23e4d-SIN'} 
 body=None 
 </msg>
<msg timestamp="20231222 21:34:25.893" level="INFO">${delete_resp} = &lt;Response [204]&gt;</msg>
<status status="PASS" starttime="20231222 21:34:25.378" endtime="20231222 21:34:25.893"/>
</kw>
<doc>Test Delete Simple Request</doc>
<tag>Regression</tag>
<status status="PASS" starttime="20231222 21:34:25.378" endtime="20231222 21:34:25.893"/>
</test>
<status status="PASS" starttime="20231222 21:34:25.313" endtime="20231222 21:34:25.894"/>
</suite>
<suite id="s1-s2" name="getListUsers" source="/Users/arifkurniawan/PROJECT-ARF/robot-api-automation/testCases/getListUsers.robot">
<test id="s1-s2-t1" name="Test Get Request List Users Page 1" line="13">
<kw name="Create Session" library="RequestsLibrary">
<arg>reqres</arg>
<arg>${url}</arg>
<doc>Create Session: create a HTTP session to a server</doc>
<msg timestamp="20231222 21:34:25.900" level="INFO">Creating Session using : alias=reqres, url=https://reqres.in, headers={},                     cookies={}, auth=None, timeout=None, proxies=None, verify=False,                     debug=0 </msg>
<status status="PASS" starttime="20231222 21:34:25.899" endtime="20231222 21:34:25.900"/>
</kw>
<kw name="Get Request" library="RequestsLibrary">
<var>${response}</var>
<arg>reqres</arg>
<arg>/api/users?page=${page_1}</arg>
<doc>*DEPRECATED* Please use `GET On Session` instead.</doc>
<msg timestamp="20231222 21:34:25.900" level="WARN">Keyword 'RequestsLibrary.Get Request' is deprecated. Please use `GET On Session` instead.</msg>
<msg timestamp="20231222 21:34:25.987" level="INFO">GET Request : url=https://reqres.in/api/users?page=1 
 path_url=/api/users?page=1 
 headers={'User-Agent': 'python-requests/2.31.0', 'Accept-Encoding': 'gzip, deflate, br', 'Accept': '*/*', 'Connection': 'keep-alive'} 
 body=None 
 </msg>
<msg timestamp="20231222 21:34:25.987" level="INFO">GET Response : url=https://reqres.in/api/users?page=1 
 status=200, reason=OK 
 headers={'Date': 'Fri, 22 Dec 2023 14:34:26 GMT', 'Content-Type': 'application/json; charset=utf-8', 'Transfer-Encoding': 'chunked', 'Connection': 'keep-alive', 'Report-To': '{"group":"heroku-nel","max_age":3600,"endpoints":[{"url":"https://nel.heroku.com/reports?ts=1702809783&amp;sid=c4c9725f-1ab0-44d8-820f-430df2718e11&amp;s=oHZIw5k0CheW9jgLnePUVVqiBT9TNgG8VGHUjUrpFH8%3D"}]}', 'Reporting-Endpoints': 'heroku-nel=https://nel.heroku.com/reports?ts=1702809783&amp;sid=c4c9725f-1ab0-44d8-820f-430df2718e11&amp;s=oHZIw5k0CheW9jgLnePUVVqiBT9TNgG8VGHUjUrpFH8%3D', 'Nel': '{"report_to":"heroku-nel","max_age":3600,"success_fraction":0.005,"failure_fraction":0.05,"response_headers":["Via"]}', 'X-Powered-By': 'Express', 'Access-Control-Allow-Origin': '*', 'Etag': 'W/"3e4-2RLXvr5wTg9YQ6aH95CkYoFNuO8"', 'Via': '1.1 vegur', 'Cache-Control': 'max-age=14400', 'CF-Cache-Status': 'HIT', 'Age': '4869', 'Vary': 'Accept-Encoding', 'Server': 'cloudflare', 'CF-RAY': '839915e8bd9787ef-SIN', 'Content-Encoding': 'br'} 
 body={"page":1,"per_page":6,"total":12,"total_pages":2,"data":[{"id":1,"email":"george.bluth@reqres.in","first_name":"George","last_name":"Bluth","avatar":"https://reqres.in/img/faces/1-image.jpg"},{"id":2,"email":"janet.weaver@reqres.in","first_name":"Janet","last_name":"Weaver","avatar":"https://reqres.in/img/faces/2-image.jpg"},{"id":3,"email":"emma.wong@reqres.in","first_name":"Emma","last_name":"Wong","avatar":"https://reqres.in/img/faces/3-image.jpg"},{"id":4,"email":"eve.holt@reqres.in","first_name":"Eve","last_name":"Holt","avatar":"https://reqres.in/img/faces/4-image.jpg"},{"id":5,"email":"charles.morris@reqres.in","first_name":"Charles","last_name":"Morris","avatar":"https://reqres.in/img/faces/5-image.jpg"},{"id":6,"email":"tracey.ramos@reqres.in","first_name":"Tracey","last_name":"Ramos","avatar":"https://reqres.in/img/faces/6-image.jpg"}],"support":{"url":"https://reqres.in/#support-heading","text":"To keep ReqRes free, contributions towards server costs are appreciated!"}} 
 </msg>
<msg timestamp="20231222 21:34:25.987" level="INFO">/Library/Frameworks/Python.framework/Versions/3.11/lib/python3.11/site-packages/urllib3/connectionpool.py:1056: InsecureRequestWarning: Unverified HTTPS request is being made to host 'reqres.in'. Adding certificate verification is strongly advised. See: https://urllib3.readthedocs.io/en/1.26.x/advanced-usage.html#ssl-warnings
  warnings.warn(</msg>
<msg timestamp="20231222 21:34:25.987" level="INFO">${response} = &lt;Response [200]&gt;</msg>
<status status="PASS" starttime="20231222 21:34:25.900" endtime="20231222 21:34:25.987"/>
</kw>
<kw name="Should Be Equal As Numbers" library="BuiltIn">
<arg>${response.status_code}</arg>
<arg>200</arg>
<doc>Fails if objects are unequal after converting them to real numbers.</doc>
<msg timestamp="20231222 21:34:25.988" level="INFO">Argument types are:
&lt;class 'int'&gt;
&lt;class 'str'&gt;</msg>
<status status="PASS" starttime="20231222 21:34:25.987" endtime="20231222 21:34:25.988"/>
</kw>
<doc>Test Get Request List Users Page 1</doc>
<tag>Regression</tag>
<status status="PASS" starttime="20231222 21:34:25.899" endtime="20231222 21:34:25.988"/>
</test>
<test id="s1-s2-t2" name="Test Get Request List Users Page 2" line="26">
<kw name="GET" library="RequestsLibrary">
<var>${response}</var>
<arg>${base_url}</arg>
<arg>params=page=${page_2}</arg>
<arg>expected_status=200</arg>
<doc>Sends a GET request.</doc>
<msg timestamp="20231222 21:34:26.081" level="INFO">GET Request : url=https://reqres.in/api/users?page=2 
 path_url=/api/users?page=2 
 headers={'User-Agent': 'python-requests/2.31.0', 'Accept-Encoding': 'gzip, deflate, br', 'Accept': '*/*', 'Connection': 'keep-alive'} 
 body=None 
 </msg>
<msg timestamp="20231222 21:34:26.081" level="INFO">GET Response : url=https://reqres.in/api/users?page=2 
 status=200, reason=OK 
 headers={'Date': 'Fri, 22 Dec 2023 14:34:26 GMT', 'Content-Type': 'application/json; charset=utf-8', 'Transfer-Encoding': 'chunked', 'Connection': 'keep-alive', 'Report-To': '{"group":"heroku-nel","max_age":3600,"endpoints":[{"url":"https://nel.heroku.com/reports?ts=1702431031&amp;sid=c4c9725f-1ab0-44d8-820f-430df2718e11&amp;s=gTLGBrJCzt%2FlcsokVQiuLF%2BVwRpJWdTLS8ixJtts7vU%3D"}]}', 'Reporting-Endpoints': 'heroku-nel=https://nel.heroku.com/reports?ts=1702431031&amp;sid=c4c9725f-1ab0-44d8-820f-430df2718e11&amp;s=gTLGBrJCzt%2FlcsokVQiuLF%2BVwRpJWdTLS8ixJtts7vU%3D', 'Nel': '{"report_to":"heroku-nel","max_age":3600,"success_fraction":0.005,"failure_fraction":0.05,"response_headers":["Via"]}', 'X-Powered-By': 'Express', 'Access-Control-Allow-Origin': '*', 'Etag': 'W/"406-ut0vzoCuidvyMf8arZpMpJ6ZRDw"', 'Via': '1.1 vegur', 'Cache-Control': 'max-age=14400', 'CF-Cache-Status': 'HIT', 'Age': '1081', 'Vary': 'Accept-Encoding', 'Server': 'cloudflare', 'CF-RAY': '839915e95e498980-SIN', 'Content-Encoding': 'br'} 
 body={"page":2,"per_page":6,"total":12,"total_pages":2,"data":[{"id":7,"email":"michael.lawson@reqres.in","first_name":"Michael","last_name":"Lawson","avatar":"https://reqres.in/img/faces/7-image.jpg"},{"id":8,"email":"lindsay.ferguson@reqres.in","first_name":"Lindsay","last_name":"Ferguson","avatar":"https://reqres.in/img/faces/8-image.jpg"},{"id":9,"email":"tobias.funke@reqres.in","first_name":"Tobias","last_name":"Funke","avatar":"https://reqres.in/img/faces/9-image.jpg"},{"id":10,"email":"byron.fields@reqres.in","first_name":"Byron","last_name":"Fields","avatar":"https://reqres.in/img/faces/10-image.jpg"},{"id":11,"email":"george.edwards@reqres.in","first_name":"George","last_name":"Edwards","avatar":"https://reqres.in/img/faces/11-image.jpg"},{"id":12,"email":"rachel.howell@reqres.in","first_name":"Rachel","last_name":"Howell","avatar":"https://reqres.in/img/faces/12-image.jpg"}],"support":{"url":"https://reqres.in/#support-heading","text":"To keep ReqRes free, contributions towards server costs are appreciated!"}} 
 </msg>
<msg timestamp="20231222 21:34:26.081" level="INFO">${response} = &lt;Response [200]&gt;</msg>
<status status="PASS" starttime="20231222 21:34:25.989" endtime="20231222 21:34:26.081"/>
</kw>
<kw name="Log" library="BuiltIn">
<arg>${response.json()}</arg>
<doc>Logs the given message with the given level.</doc>
<msg timestamp="20231222 21:34:26.083" level="INFO">{'page': 2, 'per_page': 6, 'total': 12, 'total_pages': 2, 'data': [{'id': 7, 'email': 'michael.lawson@reqres.in', 'first_name': 'Michael', 'last_name': 'Lawson', 'avatar': 'https://reqres.in/img/faces/7-image.jpg'}, {'id': 8, 'email': 'lindsay.ferguson@reqres.in', 'first_name': 'Lindsay', 'last_name': 'Ferguson', 'avatar': 'https://reqres.in/img/faces/8-image.jpg'}, {'id': 9, 'email': 'tobias.funke@reqres.in', 'first_name': 'Tobias', 'last_name': 'Funke', 'avatar': 'https://reqres.in/img/faces/9-image.jpg'}, {'id': 10, 'email': 'byron.fields@reqres.in', 'first_name': 'Byron', 'last_name': 'Fields', 'avatar': 'https://reqres.in/img/faces/10-image.jpg'}, {'id': 11, 'email': 'george.edwards@reqres.in', 'first_name': 'George', 'last_name': 'Edwards', 'avatar': 'https://reqres.in/img/faces/11-image.jpg'}, {'id': 12, 'email': 'rachel.howell@reqres.in', 'first_name': 'Rachel', 'last_name': 'Howell', 'avatar': 'https://reqres.in/img/faces/12-image.jpg'}], 'support': {'url': 'https://reqres.in/#support-heading', 'text': 'To keep ReqRes free, contributions towards server costs are appreciated!'}}</msg>
<status status="PASS" starttime="20231222 21:34:26.082" endtime="20231222 21:34:26.083"/>
</kw>
<kw name="Should Be Equal As Strings" library="BuiltIn">
<arg>6</arg>
<arg>${response.json()}[per_page]</arg>
<doc>Fails if objects are unequal after converting them to strings.</doc>
<msg timestamp="20231222 21:34:26.084" level="INFO">Argument types are:
&lt;class 'str'&gt;
&lt;class 'int'&gt;</msg>
<status status="PASS" starttime="20231222 21:34:26.083" endtime="20231222 21:34:26.084"/>
</kw>
<kw name="Should Be Equal As Strings" library="BuiltIn">
<arg>12</arg>
<arg>${response.json()}[total]</arg>
<doc>Fails if objects are unequal after converting them to strings.</doc>
<msg timestamp="20231222 21:34:26.085" level="INFO">Argument types are:
&lt;class 'str'&gt;
&lt;class 'int'&gt;</msg>
<status status="PASS" starttime="20231222 21:34:26.084" endtime="20231222 21:34:26.085"/>
</kw>
<kw name="Should Be Equal As Strings" library="BuiltIn">
<arg>7</arg>
<arg>${response.json()}[data][0][id]</arg>
<doc>Fails if objects are unequal after converting them to strings.</doc>
<msg timestamp="20231222 21:34:26.086" level="INFO">Argument types are:
&lt;class 'str'&gt;
&lt;class 'int'&gt;</msg>
<status status="PASS" starttime="20231222 21:34:26.085" endtime="20231222 21:34:26.086"/>
</kw>
<doc>Test Get Request List Users Page 2</doc>
<tag>Regression</tag>
<status status="PASS" starttime="20231222 21:34:25.989" endtime="20231222 21:34:26.086"/>
</test>
<status status="PASS" starttime="20231222 21:34:25.895" endtime="20231222 21:34:26.086"/>
</suite>
<suite id="s1-s3" name="getSingleUser" source="/Users/arifkurniawan/PROJECT-ARF/robot-api-automation/testCases/getSingleUser.robot">
<test id="s1-s3-t1" name="Test Get Request Single User" line="10">
<kw name="Create Session" library="RequestsLibrary">
<arg>reqres</arg>
<arg>${url}</arg>
<doc>Create Session: create a HTTP session to a server</doc>
<msg timestamp="20231222 21:34:26.090" level="INFO">Creating Session using : alias=reqres, url=https://reqres.in, headers={},                     cookies={}, auth=None, timeout=None, proxies=None, verify=False,                     debug=0 </msg>
<status status="PASS" starttime="20231222 21:34:26.089" endtime="20231222 21:34:26.090"/>
</kw>
<kw name="Get Request" library="RequestsLibrary">
<var>${response}</var>
<arg>reqres</arg>
<arg>/api/users/${user_id}</arg>
<doc>*DEPRECATED* Please use `GET On Session` instead.</doc>
<msg timestamp="20231222 21:34:26.090" level="WARN">Keyword 'RequestsLibrary.Get Request' is deprecated. Please use `GET On Session` instead.</msg>
<msg timestamp="20231222 21:34:26.175" level="INFO">GET Request : url=https://reqres.in/api/users/2 
 path_url=/api/users/2 
 headers={'User-Agent': 'python-requests/2.31.0', 'Accept-Encoding': 'gzip, deflate, br', 'Accept': '*/*', 'Connection': 'keep-alive'} 
 body=None 
 </msg>
<msg timestamp="20231222 21:34:26.175" level="INFO">GET Response : url=https://reqres.in/api/users/2 
 status=200, reason=OK 
 headers={'Date': 'Fri, 22 Dec 2023 14:34:26 GMT', 'Content-Type': 'application/json; charset=utf-8', 'Transfer-Encoding': 'chunked', 'Connection': 'keep-alive', 'Report-To': '{"group":"heroku-nel","max_age":3600,"endpoints":[{"url":"https://nel.heroku.com/reports?ts=1703242556&amp;sid=c4c9725f-1ab0-44d8-820f-430df2718e11&amp;s=jNdp16bhkVpbNJVZ8gbcluc56yK6vDvDBD3VMI502EE%3D"}]}', 'Reporting-Endpoints': 'heroku-nel=https://nel.heroku.com/reports?ts=1703242556&amp;sid=c4c9725f-1ab0-44d8-820f-430df2718e11&amp;s=jNdp16bhkVpbNJVZ8gbcluc56yK6vDvDBD3VMI502EE%3D', 'Nel': '{"report_to":"heroku-nel","max_age":3600,"success_fraction":0.005,"failure_fraction":0.05,"response_headers":["Via"]}', 'X-Powered-By': 'Express', 'Access-Control-Allow-Origin': '*', 'Etag': 'W/"118-pbdwwFo9SKNhD3Lx5iHJyngpq00"', 'Via': '1.1 vegur', 'Cache-Control': 'max-age=14400', 'CF-Cache-Status': 'HIT', 'Age': '5845', 'Vary': 'Accept-Encoding', 'Server': 'cloudflare', 'CF-RAY': '839915e9eeaa5f84-SIN', 'Content-Encoding': 'br'} 
 body={"data":{"id":2,"email":"janet.weaver@reqres.in","first_name":"Janet","last_name":"Weaver","avatar":"https://reqres.in/img/faces/2-image.jpg"},"support":{"url":"https://reqres.in/#support-heading","text":"To keep ReqRes free, contributions towards server costs are appreciated!"}} 
 </msg>
<msg timestamp="20231222 21:34:26.178" level="INFO">/Library/Frameworks/Python.framework/Versions/3.11/lib/python3.11/site-packages/urllib3/connectionpool.py:1056: InsecureRequestWarning: Unverified HTTPS request is being made to host 'reqres.in'. Adding certificate verification is strongly advised. See: https://urllib3.readthedocs.io/en/1.26.x/advanced-usage.html#ssl-warnings
  warnings.warn(</msg>
<msg timestamp="20231222 21:34:26.179" level="INFO">${response} = &lt;Response [200]&gt;</msg>
<status status="PASS" starttime="20231222 21:34:26.090" endtime="20231222 21:34:26.179"/>
</kw>
<kw name="Should Be Equal As Numbers" library="BuiltIn">
<arg>${response.status_code}</arg>
<arg>200</arg>
<doc>Fails if objects are unequal after converting them to real numbers.</doc>
<msg timestamp="20231222 21:34:26.180" level="INFO">Argument types are:
&lt;class 'int'&gt;
&lt;class 'str'&gt;</msg>
<status status="PASS" starttime="20231222 21:34:26.179" endtime="20231222 21:34:26.180"/>
</kw>
<doc>Test Get Request Single User</doc>
<tag>Regression</tag>
<status status="PASS" starttime="20231222 21:34:26.089" endtime="20231222 21:34:26.180"/>
</test>
<status status="PASS" starttime="20231222 21:34:26.087" endtime="20231222 21:34:26.180"/>
</suite>
<suite id="s1-s4" name="postRequest" source="/Users/arifkurniawan/PROJECT-ARF/robot-api-automation/testCases/postRequest.robot">
<test id="s1-s4-t1" name="Test Post Simple Request" line="13">
<kw name="Create Dictionary" library="BuiltIn">
<var>&amp;{request_body}</var>
<arg>name=test</arg>
<arg>job=team leader</arg>
<doc>Creates and returns a dictionary based on the given ``items``.</doc>
<msg timestamp="20231222 21:34:26.184" level="INFO">&amp;{request_body} = { name=test | job=team leader }</msg>
<status status="PASS" starttime="20231222 21:34:26.183" endtime="20231222 21:34:26.184"/>
</kw>
<kw name="POST" library="RequestsLibrary">
<var>${response}</var>
<arg>${base_url}</arg>
<arg>json=${request_body}</arg>
<arg>expected_status=201</arg>
<doc>Sends a POST request.</doc>
<msg timestamp="20231222 21:34:26.710" level="INFO">POST Request : url=https://reqres.in/api/users 
 path_url=/api/users 
 headers={'User-Agent': 'python-requests/2.31.0', 'Accept-Encoding': 'gzip, deflate, br', 'Accept': '*/*', 'Connection': 'keep-alive', 'Content-Length': '38', 'Content-Type': 'application/json'} 
 body=b'{"name": "test", "job": "team leader"}' 
 </msg>
<msg timestamp="20231222 21:34:26.710" level="INFO">POST Response : url=https://reqres.in/api/users 
 status=201, reason=Created 
 headers={'Date': 'Fri, 22 Dec 2023 14:34:26 GMT', 'Content-Type': 'application/json; charset=utf-8', 'Content-Length': '85', 'Connection': 'keep-alive', 'Report-To': '{"group":"heroku-nel","max_age":3600,"endpoints":[{"url":"https://nel.heroku.com/reports?ts=1703255666&amp;sid=c4c9725f-1ab0-44d8-820f-430df2718e11&amp;s=%2FqT4fXdI63z2i6Y3aL45YX3jrAEv3wpGzWgM4MVED4k%3D"}]}', 'Reporting-Endpoints': 'heroku-nel=https://nel.heroku.com/reports?ts=1703255666&amp;sid=c4c9725f-1ab0-44d8-820f-430df2718e11&amp;s=%2FqT4fXdI63z2i6Y3aL45YX3jrAEv3wpGzWgM4MVED4k%3D', 'Nel': '{"report_to":"heroku-nel","max_age":3600,"success_fraction":0.005,"failure_fraction":0.05,"response_headers":["Via"]}', 'X-Powered-By': 'Express', 'Access-Control-Allow-Origin': '*', 'Etag': 'W/"55-VUYkCYwSclODyzHZ/3uhyOMAFxw"', 'Via': '1.1 vegur', 'CF-Cache-Status': 'DYNAMIC', 'Server': 'cloudflare', 'CF-RAY': '839915ea8c906c06-SIN'} 
 body={"name":"test","job":"team leader","id":"135","createdAt":"2023-12-22T14:34:26.590Z"} 
 </msg>
<msg timestamp="20231222 21:34:26.710" level="INFO">${response} = &lt;Response [201]&gt;</msg>
<status status="PASS" starttime="20231222 21:34:26.184" endtime="20231222 21:34:26.710"/>
</kw>
<kw name="Log" library="BuiltIn">
<arg>${response.json()}</arg>
<doc>Logs the given message with the given level.</doc>
<msg timestamp="20231222 21:34:26.711" level="INFO">{'name': 'test', 'job': 'team leader', 'id': '135', 'createdAt': '2023-12-22T14:34:26.590Z'}</msg>
<status status="PASS" starttime="20231222 21:34:26.711" endtime="20231222 21:34:26.711"/>
</kw>
<doc>Test Post Simple Request</doc>
<tag>Regression</tag>
<status status="PASS" starttime="20231222 21:34:26.183" endtime="20231222 21:34:26.711"/>
</test>
<status status="PASS" starttime="20231222 21:34:26.181" endtime="20231222 21:34:26.712"/>
</suite>
<suite id="s1-s5" name="putRequest" source="/Users/arifkurniawan/PROJECT-ARF/robot-api-automation/testCases/putRequest.robot">
<test id="s1-s5-t1" name="Test Put Simple Request" line="13">
<kw name="Create Dictionary" library="BuiltIn">
<var>&amp;{request_body}</var>
<arg>name=update_test</arg>
<arg>job=resident</arg>
<doc>Creates and returns a dictionary based on the given ``items``.</doc>
<msg timestamp="20231222 21:34:26.718" level="INFO">&amp;{request_body} = { name=update_test | job=resident }</msg>
<status status="PASS" starttime="20231222 21:34:26.718" endtime="20231222 21:34:26.718"/>
</kw>
<kw name="PUT" library="RequestsLibrary">
<var>${response}</var>
<arg>${base_url}+/2</arg>
<arg>json=${request_body}</arg>
<arg>expected_status=200</arg>
<doc>Sends a PUT request.</doc>
<msg timestamp="20231222 21:34:27.357" level="INFO">PUT Request : url=https://reqres.in/api/users+/2 
 path_url=/api/users+/2 
 headers={'User-Agent': 'python-requests/2.31.0', 'Accept-Encoding': 'gzip, deflate, br', 'Accept': '*/*', 'Connection': 'keep-alive', 'Content-Length': '42', 'Content-Type': 'application/json'} 
 body=b'{"name": "update_test", "job": "resident"}' 
 </msg>
<msg timestamp="20231222 21:34:27.358" level="INFO">PUT Response : url=https://reqres.in/api/users+/2 
 status=200, reason=OK 
 headers={'Date': 'Fri, 22 Dec 2023 14:34:27 GMT', 'Content-Type': 'application/json; charset=utf-8', 'Transfer-Encoding': 'chunked', 'Connection': 'keep-alive', 'Report-To': '{"group":"heroku-nel","max_age":3600,"endpoints":[{"url":"https://nel.heroku.com/reports?ts=1703255667&amp;sid=c4c9725f-1ab0-44d8-820f-430df2718e11&amp;s=MqAaqqI38h4WrrhSmWIjKOkaSEvZnRCQlnXPD9bmeBI%3D"}]}', 'Reporting-Endpoints': 'heroku-nel=https://nel.heroku.com/reports?ts=1703255667&amp;sid=c4c9725f-1ab0-44d8-820f-430df2718e11&amp;s=MqAaqqI38h4WrrhSmWIjKOkaSEvZnRCQlnXPD9bmeBI%3D', 'Nel': '{"report_to":"heroku-nel","max_age":3600,"success_fraction":0.005,"failure_fraction":0.05,"response_headers":["Via"]}', 'X-Powered-By': 'Express', 'Access-Control-Allow-Origin': '*', 'Etag': 'W/"4e-onnNnrHtzX5nrL1xnkaA17+RInI"', 'Via': '1.1 vegur', 'CF-Cache-Status': 'DYNAMIC', 'Vary': 'Accept-Encoding', 'Server': 'cloudflare', 'CF-RAY': '839915ee69cd2440-HKG', 'Content-Encoding': 'br'} 
 body={"name":"update_test","job":"resident","updatedAt":"2023-12-22T14:34:27.254Z"} 
 </msg>
<msg timestamp="20231222 21:34:27.361" level="INFO">${response} = &lt;Response [200]&gt;</msg>
<status status="PASS" starttime="20231222 21:34:26.719" endtime="20231222 21:34:27.361"/>
</kw>
<doc>Test Put Simple Request</doc>
<tag>Regression</tag>
<status status="PASS" starttime="20231222 21:34:26.718" endtime="20231222 21:34:27.361"/>
</test>
<status status="PASS" starttime="20231222 21:34:26.712" endtime="20231222 21:34:27.362"/>
</suite>
<status status="PASS" starttime="20231222 21:34:25.302" endtime="20231222 21:34:27.363"/>
</suite>
<statistics>
<total>
<stat pass="6" fail="0" skip="0">All Tests</stat>
</total>
<tag>
<stat pass="6" fail="0" skip="0">Regression</stat>
</tag>
<suite>
<stat pass="6" fail="0" skip="0" id="s1" name="testCases">testCases</stat>
<stat pass="1" fail="0" skip="0" id="s1-s1" name="deleteRequest">testCases.deleteRequest</stat>
<stat pass="2" fail="0" skip="0" id="s1-s2" name="getListUsers">testCases.getListUsers</stat>
<stat pass="1" fail="0" skip="0" id="s1-s3" name="getSingleUser">testCases.getSingleUser</stat>
<stat pass="1" fail="0" skip="0" id="s1-s4" name="postRequest">testCases.postRequest</stat>
<stat pass="1" fail="0" skip="0" id="s1-s5" name="putRequest">testCases.putRequest</stat>
</suite>
</statistics>
<errors>
<msg timestamp="20231222 21:34:25.900" level="WARN">Keyword 'RequestsLibrary.Get Request' is deprecated. Please use `GET On Session` instead.</msg>
<msg timestamp="20231222 21:34:26.090" level="WARN">Keyword 'RequestsLibrary.Get Request' is deprecated. Please use `GET On Session` instead.</msg>
</errors>
</robot>
